0 info it worked if it ends with ok
1 verbose cli [ '/usr/local/bin/node', '/usr/local/bin/npm', 'run', 'prod' ]
2 info using npm@4.1.2
3 info using node@v7.7.3
4 verbose run-script [ 'preprod', 'prod', 'postprod' ]
5 info lifecycle share2u@1.0.0~preprod: share2u@1.0.0
6 silly lifecycle share2u@1.0.0~preprod: no script for preprod, continuing
7 info lifecycle share2u@1.0.0~prod: share2u@1.0.0
8 verbose lifecycle share2u@1.0.0~prod: unsafe-perm in lifecycle true
9 verbose lifecycle share2u@1.0.0~prod: PATH: /usr/local/lib/node_modules/npm/bin/node-gyp-bin:/Users/cc/Documents/FEDevelop/chaochao_project/Share2U/node_modules/.bin:/Library/Frameworks/Python.framework/Versions/3.5/bin:/usr/local/bin:/usr/bin:/bin:/usr/sbin:/sbin:/bin:/bin:/usr/local/mysql/bin
10 verbose lifecycle share2u@1.0.0~prod: CWD: /Users/cc/Documents/FEDevelop/chaochao_project/Share2U
11 silly lifecycle share2u@1.0.0~prod: Args: [ '-c',
11 silly lifecycle   'npm run clean:prod && webpack --config ./build/webpack.prod.js --progress --colors' ]
12 silly lifecycle share2u@1.0.0~prod: Returned: code: 2  signal: null
13 info lifecycle share2u@1.0.0~prod: Failed to exec prod script
14 verbose stack Error: share2u@1.0.0 prod: `npm run clean:prod && webpack --config ./build/webpack.prod.js --progress --colors`
14 verbose stack Exit status 2
14 verbose stack     at EventEmitter.<anonymous> (/usr/local/lib/node_modules/npm/lib/utils/lifecycle.js:279:16)
14 verbose stack     at emitTwo (events.js:106:13)
14 verbose stack     at EventEmitter.emit (events.js:194:7)
14 verbose stack     at ChildProcess.<anonymous> (/usr/local/lib/node_modules/npm/lib/utils/spawn.js:40:14)
14 verbose stack     at emitTwo (events.js:106:13)
14 verbose stack     at ChildProcess.emit (events.js:194:7)
14 verbose stack     at maybeClose (internal/child_process.js:899:16)
14 verbose stack     at Process.ChildProcess._handle.onexit (internal/child_process.js:226:5)
15 verbose pkgid share2u@1.0.0
16 verbose cwd /Users/cc/Documents/FEDevelop/chaochao_project/Share2U
17 error Darwin 15.3.0
18 error argv "/usr/local/bin/node" "/usr/local/bin/npm" "run" "prod"
19 error node v7.7.3
20 error npm  v4.1.2
21 error code ELIFECYCLE
22 error share2u@1.0.0 prod: `npm run clean:prod && webpack --config ./build/webpack.prod.js --progress --colors`
22 error Exit status 2
23 error Failed at the share2u@1.0.0 prod script 'npm run clean:prod && webpack --config ./build/webpack.prod.js --progress --colors'.
23 error Make sure you have the latest version of node.js and npm installed.
23 error If you do, this is most likely a problem with the share2u package,
23 error not with npm itself.
23 error Tell the author that this fails on your system:
23 error     npm run clean:prod && webpack --config ./build/webpack.prod.js --progress --colors
23 error You can get information on how to open an issue for this project with:
23 error     npm bugs share2u
23 error Or if that isn't available, you can get their info via:
23 error     npm owner ls share2u
23 error There is likely additional logging output above.
24 verbose exit [ 1, true ]
